Arguments: 
  /home/lnunes/.nvm/versions/node/v14.18.1/bin/node /usr/share/yarn/bin/yarn.js add @typescript-eslint/eslint-plugin @typescript-eslint-parser eslint typescript

PATH: 
  /home/lnunes/.nvm/versions/node/v14.18.1/bin:/home/lnunes/.local/bin:/usr/local/sbin:/usr/local/bin:/usr/sbin:/usr/bin:/sbin:/bin:/usr/games:/usr/local/games:/snap/bin:/home/lnunes/Android/Sdk/tools:/home/lnunes/Android/Sdk/platform-tools:/home/lnunes/Android/Sdk/tools:/home/lnunes/Android/Sdk/platform-tools

Yarn version: 
  1.22.15

Node version: 
  14.18.1

Platform: 
  linux x64

Trace: 
  Error: https://registry.yarnpkg.com/@typescript-eslint-parser: Request "https://registry.yarnpkg.com/@typescript-eslint-parser" returned a 405
      at Request.params.callback [as _callback] (/usr/share/yarn/lib/cli.js:67040:18)
      at Request.self.callback (/usr/share/yarn/lib/cli.js:140885:22)
      at Request.emit (events.js:400:28)
      at Request.<anonymous> (/usr/share/yarn/lib/cli.js:141857:10)
      at Request.emit (events.js:400:28)
      at IncomingMessage.<anonymous> (/usr/share/yarn/lib/cli.js:141779:12)
      at Object.onceWrapper (events.js:519:28)
      at IncomingMessage.emit (events.js:412:35)
      at endReadableNT (internal/streams/readable.js:1334:12)
      at processTicksAndRejections (internal/process/task_queues.js:82:21)

npm manifest: 
  {
    "name": "url-shortner-dio",
    "version": "1.0.0",
    "main": "index.js",
    "repository": "https://github.com/lnalmeida/url-shortner-dio.git",
    "author": "lnalmeida <l.n.almeida.ti@gmail.com>",
    "license": "MIT"
  }

yarn manifest: 
  No manifest

Lockfile: 
  No lockfile
